<?xml version="1.0" encoding="UTF-8"?>
<testng-results ignored="3" total="4" passed="1" failed="0" skipped="0">
  <reporter-output>
  </reporter-output>
  <suite started-at="2024-04-19T04:43:05Z" name="Suite" finished-at="2024-04-19T04:43:13Z" duration-ms="7509">
    <groups>
      <group name="ErrorHandling">
        <method signature="ErrorValidationsTest.LoginErrorValidation()[pri:0, instance:rahulshettyacademy.tests.ErrorValidationsTest@8c3619e]" name="LoginErrorValidation" class="rahulshettyacademy.tests.ErrorValidationsTest"/>
      </group> <!-- ErrorHandling -->
    </groups>
    <test started-at="2024-04-19T04:43:05Z" name="Submit Order Test" finished-at="2024-04-19T04:43:05Z" duration-ms="8">
    </test> <!-- Submit Order Test -->
    <test started-at="2024-04-19T04:43:05Z" name="Error Validations Test" finished-at="2024-04-19T04:43:13Z" duration-ms="7509">
      <class name="rahulshettyacademy.tests.ErrorValidationsTest">
        <test-method is-config="true" signature="launchApplication()[pri:0, instance:rahulshettyacademy.tests.ErrorValidationsTest@8c3619e]" started-at="2024-04-19T04:43:05Z" name="launchApplication" finished-at="2024-04-19T04:43:12Z" duration-ms="6568" status="PASS">
          <reporter-output>
          </reporter-output>
        </test-method> <!-- launchApplication -->
        <test-method signature="LoginErrorValidation()[pri:0, instance:rahulshettyacademy.tests.ErrorValidationsTest@8c3619e]" started-at="2024-04-19T04:43:12Z" name="LoginErrorValidation" finished-at="2024-04-19T04:43:13Z" duration-ms="649" status="PASS">
          <reporter-output>
          </reporter-output>
        </test-method> <!-- LoginErrorValidation -->
        <test-method is-config="true" signature="tearDown()[pri:0, instance:rahulshettyacademy.tests.ErrorValidationsTest@8c3619e]" started-at="2024-04-19T04:43:13Z" name="tearDown" finished-at="2024-04-19T04:43:13Z" duration-ms="253" status="PASS">
          <reporter-output>
          </reporter-output>
        </test-method> <!-- tearDown -->
      </class> <!-- rahulshettyacademy.tests.ErrorValidationsTest -->
    </test> <!-- Error Validations Test -->
  </suite> <!-- Suite -->
</testng-results>
